Log file open, 03/04/19 21:22:27
LogWindows: Failed to load 'aqProf.dll' (GetLastError=126)
LogWindows: File 'aqProf.dll' does not exist
LogWindows: Failed to load 'VtuneApi.dll' (GetLastError=126)
LogWindows: File 'VtuneApi.dll' does not exist
LogWindows: Failed to load 'VtuneApi32e.dll' (GetLastError=126)
LogWindows: File 'VtuneApi32e.dll' does not exist
LogConsoleResponse: Display: Failed to find resolution value strings in scalability ini. Falling back to default.
LogInit: Display: Running engine for game: DMC
LogPakFile: Registered encryption key '00000000000000000000000000000000': 0 pak files mounted, 0 remain pending
LogPlatformFile: Not using cached read wrapper
LogTaskGraph: Started task graph with 5 named threads and 23 total threads with 3 sets of task threads.
LogStats: Stats thread started at 0.279046
LogD3D11RHI: Loaded GFSDK_Aftermath_Lib.x64.dll
LogICUInternationalization: ICU TimeZone Detection - Raw Offset: +0:00, Platform Override: ''
LogPluginManager: Mounting plugin Paper2D
LogPluginManager: Mounting plugin AISupport
LogPluginManager: Mounting plugin LightPropagationVolume
LogPluginManager: Mounting plugin ActorLayerUtilities
LogPluginManager: Mounting plugin CLionSourceCodeAccess
LogPluginManager: Mounting plugin CodeLiteSourceCodeAccess
LogPluginManager: Mounting plugin GitSourceControl
LogPluginManager: Mounting plugin KDevelopSourceCodeAccess
LogPluginManager: Mounting plugin NullSourceCodeAccess
LogPluginManager: Mounting plugin PerforceSourceControl
LogPluginManager: Mounting plugin SubversionSourceControl
LogPluginManager: Mounting plugin UObjectPlugin
LogPluginManager: Mounting plugin VisualStudioCodeSourceCodeAccess
LogPluginManager: Mounting plugin VisualStudioSourceCodeAccess
LogPluginManager: Mounting plugin XCodeSourceCodeAccess
LogPluginManager: Mounting plugin AssetManagerEditor
LogPluginManager: Mounting plugin CryptoKeys
LogPluginManager: Mounting plugin DataValidation
LogPluginManager: Mounting plugin FacialAnimation
LogPluginManager: Mounting plugin GameplayTagsEditor
LogPluginManager: Mounting plugin MacGraphicsSwitching
LogPluginManager: Mounting plugin MeshEditor
LogPluginManager: Mounting plugin MobileLauncherProfileWizard
LogPluginManager: Mounting plugin PluginBrowser
LogPluginManager: Mounting plugin SpeedTreeImporter
LogPluginManager: Mounting plugin DatasmithContent
LogPluginManager: Mounting plugin VariantManagerContent
LogPluginManager: Mounting plugin AlembicImporter
LogPluginManager: Mounting plugin AppleImageUtils
LogPluginManager: Mounting plugin AppleVision
LogPluginManager: Mounting plugin BackChannel
LogPluginManager: Mounting plugin CharacterAI
LogPluginManager: Mounting plugin GeometryCache
LogPluginManager: Mounting plugin HTML5Networking
LogPluginManager: Mounting plugin ProxyLODPlugin
LogPluginManager: Mounting plugin MagicLeap
LogPluginManager: Mounting plugin MagicLeapMedia
LogPluginManager: Mounting plugin AndroidMedia
LogPluginManager: Mounting plugin AvfMedia
LogPluginManager: Mounting plugin ImgMedia
LogPluginManager: Mounting plugin LinearTimecode
LogPluginManager: Mounting plugin MediaCompositing
LogPluginManager: Mounting plugin MediaPlayerEditor
LogPluginManager: Mounting plugin WebMMedia
LogPluginManager: Mounting plugin WmfMedia
LogPluginManager: Mounting plugin TcpMessaging
LogPluginManager: Mounting plugin UdpMessaging
LogPluginManager: Mounting plugin ActorSequence
LogPluginManager: Mounting plugin LevelSequenceEditor
LogPluginManager: Mounting plugin MatineeToLevelSequence
LogPluginManager: Mounting plugin NetcodeUnitTest
LogPluginManager: Mounting plugin NUTUnrealEngine4
LogPluginManager: Mounting plugin OnlineSubsystemGooglePlay
LogPluginManager: Mounting plugin OnlineSubsystemIOS
LogPluginManager: Mounting plugin OnlineSubsystem
LogPluginManager: Mounting plugin OnlineSubsystemNull
LogPluginManager: Mounting plugin OnlineSubsystemUtils
LogPluginManager: Mounting plugin LauncherChunkInstaller
LogPluginManager: Mounting plugin AndroidDeviceProfileSelector
LogPluginManager: Mounting plugin AndroidMoviePlayer
LogPluginManager: Mounting plugin AndroidPermission
LogPluginManager: Mounting plugin AppleMoviePlayer
LogPluginManager: Mounting plugin ArchVisCharacter
LogPluginManager: Mounting plugin AudioCapture
LogPluginManager: Mounting plugin CableComponent
LogPluginManager: Mounting plugin CustomMeshComponent
LogPluginManager: Mounting plugin EditableMesh
LogPluginManager: Mounting plugin ExampleDeviceProfileSelector
LogPluginManager: Mounting plugin Firebase
LogPluginManager: Mounting plugin GoogleCloudMessaging
LogPluginManager: Mounting plugin IOSDeviceProfileSelector
LogPluginManager: Mounting plugin LinuxDeviceProfileSelector
LogPluginManager: Mounting plugin LocationServicesBPLibrary
LogPluginManager: Mounting plugin MobilePatchingUtils
LogPluginManager: Mounting plugin OculusVR
LogPluginManager: Mounting plugin PhysXVehicles
LogPluginManager: Mounting plugin ProceduralMeshComponent
LogPluginManager: Mounting plugin RuntimePhysXCooking
LogPluginManager: Mounting plugin SteamVR
LogPluginManager: Mounting plugin WebMMoviePlayer
LogPluginManager: Mounting plugin WindowsMoviePlayer
LogStreaming: Display: Took  0.088s to configure plugins.
LogInit: Using libcurl 7.55.1-DEV
LogInit:  - built for x86_64-pc-win32
LogInit:  - supports SSL with OpenSSL/1.0.2h
LogInit:  - supports HTTP deflate (compression) using libz 1.2.8
LogInit:  - other features:
LogInit:      CURL_VERSION_SSL
LogInit:      CURL_VERSION_LIBZ
LogInit:      CURL_VERSION_IPV6
LogInit:      CURL_VERSION_ASYNCHDNS
LogInit:      CURL_VERSION_LARGEFILE
LogInit:      CURL_VERSION_IDN
LogInit:  CurlRequestOptions (configurable via config and command line):
LogInit:  - bVerifyPeer = true  - Libcurl will verify peer certificate
LogInit:  - bUseHttpProxy = false  - Libcurl will NOT use HTTP proxy
LogInit:  - bDontReuseConnections = false  - Libcurl will reuse connections
LogInit:  - MaxHostConnections = 16  - Libcurl will limit the number of connections to a host
LogInit:  - LocalHostAddr = Default
LogInit:  - BufferSize = 65536
LogInit: WinSock: version 1.1 (2.2), MaxSocks=32767, MaxUdp=65467
LogInit: Build: ++UE4+Release-4.21-CL-4753647
LogInit: Engine Version: 4.21.2-4753647+++UE4+Release-4.21
LogInit: Compatible Engine Version: 4.21.0-4541578+++UE4+Release-4.21
LogInit: Net CL: 4541578
LogInit: OS: Windows 7 (Service Pack 1), CPU: AMD FX(tm)-8350 Eight-Core Processor           , GPU: NVIDIA GeForce GTX 970
LogInit: Compiled (64-bit): Jan 19 2019 02:07:31
LogInit: Compiled with Visual C++: 19.13.26129.00
LogInit: Build Configuration: Development
LogInit: Branch Name: ++UE4+Release-4.21
LogInit: Command Line:  -EpicPortal -epicusername=aroden95 -epicuserid=517072618a8f4257ada8d18e44bd65a4 -epiclocale=en-GB
LogInit: Base Directory: C:/Program Files/Epic Games/UE_4.21/Engine/Binaries/Win64/
LogInit: Installed Engine Build: 1
LogDevObjectVersion: Number of dev versions registered: 22
LogDevObjectVersion:   Dev-Blueprints (B0D832E4-1F89-4F0D-ACCF-7EB736FD4AA2): 10
LogDevObjectVersion:   Dev-Build (E1C64328-A22C-4D53-A36C-8E866417BD8C): 0
LogDevObjectVersion:   Dev-Core (375EC13C-06E4-48FB-B500-84F0262A717E): 2
LogDevObjectVersion:   Dev-Editor (E4B068ED-F494-42E9-A231-DA0B2E46BB41): 26
LogDevObjectVersion:   Dev-Framework (CFFC743F-43B0-4480-9391-14DF171D2073): 34
LogDevObjectVersion:   Dev-Mobile (B02B49B5-BB20-44E9-A304-32B752E40360): 2
LogDevObjectVersion:   Dev-Networking (A4E4105C-59A1-49B5-A7C5-40C4547EDFEE): 0
LogDevObjectVersion:   Dev-Online (39C831C9-5AE6-47DC-9A44-9C173E1C8E7C): 0
LogDevObjectVersion:   Dev-Physics (78F01B33-EBEA-4F98-B9B4-84EACCB95AA2): 0
LogDevObjectVersion:   Dev-Platform (6631380F-2D4D-43E0-8009-CF276956A95A): 0
LogDevObjectVersion:   Dev-Rendering (12F88B9F-8875-4AFC-A67C-D90C383ABD29): 27
LogDevObjectVersion:   Dev-Sequencer (7B5AE74C-D270-4C10-A958-57980B212A5A): 9
LogDevObjectVersion:   Dev-VR (D7296918-1DD6-4BDD-9DE2-64A83CC13884): 2
LogDevObjectVersion:   Dev-LoadTimes (C2A15278-BFE7-4AFE-6C17-90FF531DF755): 1
LogDevObjectVersion:   Private-Geometry (6EACA3D4-40EC-4CC1-B786-8BED09428FC5): 3
LogDevObjectVersion:   Dev-AnimPhys (29E575DD-E0A3-4627-9D10-D276232CDCEA): 17
LogDevObjectVersion:   Dev-Anim (AF43A65D-7FD3-4947-9873-3E8ED9C1BB05): 2
LogDevObjectVersion:   Dev-ReflectionCapture (6B266CEC-1EC7-4B8F-A30B-E4D90942FC07): 1
LogDevObjectVersion:   Dev-Automation (0DF73D61-A23F-47EA-B727-89E90C41499A): 1
LogDevObjectVersion:   FortniteMain (601D1886-AC64-4F84-AA16-D3DE0DEAC7D6): 17
LogDevObjectVersion:   Dev-Enterprise (9DFFBCD6-494F-0158-E221-12823C92A888): 4
LogDevObjectVersion:   Dev-Niagara (F2AED0AC-9AFE-416F-8664-AA7FFA26D6FC): 1
LogStreaming: Display: Took  0.000s to delete old logs.
LogInit: Presizing for max 8388607 objects, including 0 objects not considered by GC, pre-allocating 0 bytes for permanent pool.
LogInit: Object subsystem initialized
LogConfig: Setting CVar [[con.DebugEarlyDefault:1]]
LogConfig: Setting CVar [[r.setres:1280x720]]
[2019.03.04-21.22.27:892][  0]LogConfig: Setting CVar [[r.VSync:0]]
[2019.03.04-21.22.27:892][  0]LogConfig: Setting CVar [[r.RHICmdBypass:0]]
[2019.03.04-21.22.27:892][  0]LogConfig: Applying CVar settings from Section [/Script/Engine.RendererSettings] File [C:/Users/alix/Documents/Unreal Projects/DMC/Saved/Config/Windows/Engine.ini]
[2019.03.04-21.22.27:892][  0]LogConfig: Setting CVar [[r.GPUCrashDebugging:0]]
[2019.03.04-21.22.27:892][  0]LogConfig: Applying CVar settings from Section [/Script/Engine.RendererOverrideSettings] File [C:/Users/alix/Documents/Unreal Projects/DMC/Saved/Config/Windows/Engine.ini]
[2019.03.04-21.22.27:892][  0]LogConfig: Applying CVar settings from Section [/Script/Engine.StreamingSettings] File [C:/Users/alix/Documents/Unreal Projects/DMC/Saved/Config/Windows/Engine.ini]
[2019.03.04-21.22.27:892][  0]LogConfig: Setting CVar [[s.MinBulkDataSizeForAsyncLoading:131072]]
[2019.03.04-21.22.27:892][  0]LogConfig: Setting CVar [[s.AsyncLoadingThreadEnabled:0]]
[2019.03.04-21.22.27:892][  0]LogConfig: Setting CVar [[s.EventDrivenLoaderEnabled:1]]
[2019.03.04-21.22.27:892][  0]LogConfig: Setting CVar [[s.WarnIfTimeLimitExceeded:0]]
[2019.03.04-21.22.27:892][  0]LogConfig: Setting CVar [[s.TimeLimitExceededMultiplier:1.5]]
[2019.03.04-21.22.27:892][  0]LogConfig: Setting CVar [[s.TimeLimitExceededMinTime:0.005]]
[2019.03.04-21.22.27:892][  0]LogConfig: Setting CVar [[s.UseBackgroundLevelStreaming:1]]
[2019.03.04-21.22.27:892][  0]LogConfig: Setting CVar [[s.PriorityAsyncLoadingExtraTime:15.0]]
[2019.03.04-21.22.27:892][  0]LogConfig: Setting CVar [[s.LevelStreamingActorsUpdateTimeLimit:5.0]]
[2019.03.04-21.22.27:892][  0]LogConfig: Setting CVar [[s.PriorityLevelStreamingActorsUpdateExtraTime:5.0]]
[2019.03.04-21.22.27:892][  0]LogConfig: Setting CVar [[s.LevelStreamingComponentsRegistrationGranularity:10]]
[2019.03.04-21.22.27:892][  0]LogConfig: Setting CVar [[s.UnregisterComponentsTimeLimit:1.0]]
[2019.03.04-21.22.27:892][  0]LogConfig: Setting CVar [[s.LevelStreamingComponentsUnregistrationGranularity:5]]
[2019.03.04-21.22.27:892][  0]LogConfig: Applying CVar settings from Section [/Script/Engine.GarbageCollectionSettings] File [C:/Users/alix/Documents/Unreal Projects/DMC/Saved/Config/Windows/Engine.ini]
[2019.03.04-21.22.27:892][  0]LogConfig: Setting CVar [[gc.MaxObjectsNotConsideredByGC:1]]
[2019.03.04-21.22.27:892][  0]LogConfig: Setting CVar [[gc.SizeOfPermanentObjectPool:0]]
[2019.03.04-21.22.27:892][  0]LogConfig: Setting CVar [[gc.FlushStreamingOnGC:0]]
[2019.03.04-21.22.27:892][  0]LogConfig: Setting CVar [[gc.NumRetriesBeforeForcingGC:10]]
[2019.03.04-21.22.27:892][  0]LogConfig: Setting CVar [[gc.AllowParallelGC:1]]
[2019.03.04-21.22.27:892][  0]LogConfig: Setting CVar [[gc.TimeBetweenPurgingPendingKillObjects:61.1]]
[2019.03.04-21.22.27:892][  0]LogConfig: Setting CVar [[gc.MaxObjectsInEditor:8388607]]
[2019.03.04-21.22.27:892][  0]LogConfig: Setting CVar [[gc.IncrementalBeginDestroyEnabled:1]]
[2019.03.04-21.22.27:892][  0]LogConfig: Setting CVar [[gc.CreateGCClusters:1]]
[2019.03.04-21.22.27:892][  0]LogConfig: Setting CVar [[gc.MergeGCClusters:0]]
[2019.03.04-21.22.27:892][  0]LogConfig: Setting CVar [[gc.MinGCClusterSize:5]]
[2019.03.04-21.22.27:892][  0]LogConfig: Setting CVar [[gc.ActorClusteringEnabled:0]]
[2019.03.04-21.22.27:892][  0]LogConfig: Setting CVar [[gc.BlueprintClusteringEnabled:0]]
[2019.03.04-21.22.27:892][  0]LogConfig: Setting CVar [[gc.UseDisregardForGCOnDedicatedServers:0]]
[2019.03.04-21.22.27:892][  0]LogConfig: Applying CVar settings from Section [/Script/Engine.NetworkSettings] File [C:/Users/alix/Documents/Unreal Projects/DMC/Saved/Config/Windows/Engine.ini]
[2019.03.04-21.22.27:892][  0]LogConfig: Applying CVar settings from Section [/Script/UnrealEd.CookerSettings] File [C:/Users/alix/Documents/Unreal Projects/DMC/Saved/Config/Windows/Engine.ini]
[2019.03.04-21.22.27:902][  0]LogConfig: Applying CVar settings from Section [ViewDistanceQuality@3] File [C:/Users/alix/Documents/Unreal Projects/DMC/Saved/Config/Windows/Scalability.ini]
[2019.03.04-21.22.27:902][  0]LogConfig: Setting CVar [[r.SkeletalMeshLODBias:0]]
[2019.03.04-21.22.27:902][  0]LogConfig: Setting CVar [[r.ViewDistanceScale:1.0]]
[2019.03.04-21.22.27:902][  0]LogConfig: Applying CVar settings from Section [AntiAliasingQuality@3] File [C:/Users/alix/Documents/Unreal Projects/DMC/Saved/Config/Windows/Scalability.ini]
[2019.03.04-21.22.27:902][  0]LogConfig: Setting CVar [[r.PostProcessAAQuality:4]]
[2019.03.04-21.22.27:902][  0]LogConfig: Applying CVar settings from Section [ShadowQuality@3] File [C:/Users/alix/Documents/Unreal Projects/DMC/Saved/Config/Windows/Scalability.ini]
[2019.03.04-21.22.27:902][  0]LogConfig: Setting CVar [[r.LightFunctionQuality:1]]
[2019.03.04-21.22.27:902][  0]LogConfig: Setting CVar [[r.ShadowQuality:5]]
[2019.03.04-21.22.27:902][  0]LogConfig: Setting CVar [[r.Shadow.CSM.MaxCascades:10]]
[2019.03.04-21.22.27:902][  0]LogConfig: Setting CVar [[r.Shadow.MaxResolution:2048]]
[2019.03.04-21.22.27:902][  0]LogConfig: Setting CVar [[r.Shadow.MaxCSMResolution:2048]]
[2019.03.04-21.22.27:902][  0]LogConfig: Setting CVar [[r.Shadow.RadiusThreshold:0.01]]
[2019.03.04-21.22.27:902][  0]LogConfig: Setting CVar [[r.Shadow.DistanceScale:1.0]]
[2019.03.04-21.22.27:902][  0]LogConfig: Setting CVar [[r.Shadow.CSM.TransitionScale:1.0]]
[2019.03.04-21.22.27:902][  0]LogConfig: Setting CVar [[r.Shadow.PreShadowResolutionFactor:1.0]]
[2019.03.04-21.22.27:902][  0]LogConfig: Setting CVar [[r.DistanceFieldShadowing:1]]
[2019.03.04-21.22.27:902][  0]LogConfig: Setting CVar [[r.DistanceFieldAO:1]]
[2019.03.04-21.22.27:902][  0]LogConfig: Setting CVar [[r.AOQuality:2]]
[2019.03.04-21.22.27:902][  0]LogConfig: Setting CVar [[r.VolumetricFog:1]]
[2019.03.04-21.22.27:902][  0]LogConfig: Setting CVar [[r.VolumetricFog.GridPixelSize:8]]
[2019.03.04-21.22.27:902][  0]LogConfig: Setting CVar [[r.VolumetricFog.GridSizeZ:128]]
[2019.03.04-21.22.27:902][  0]LogConfig: Setting CVar [[r.VolumetricFog.HistoryMissSupersampleCount:4]]
[2019.03.04-21.22.27:902][  0]LogConfig: Setting CVar [[r.LightMaxDrawDistanceScale:1]]
[2019.03.04-21.22.27:902][  0]LogConfig: Setting CVar [[r.CapsuleShadows:1]]
[2019.03.04-21.22.27:902][  0]LogConfig: Applying CVar settings from Section [PostProcessQuality@3] File [C:/Users/alix/Documents/Unreal Projects/DMC/Saved/Config/Windows/Scalability.ini]
[2019.03.04-21.22.27:902][  0]LogConfig: Setting CVar [[r.MotionBlurQuality:4]]
[2019.03.04-21.22.27:902][  0]LogConfig: Setting CVar [[r.AmbientOcclusionMipLevelFactor:0.4]]
[2019.03.04-21.22.27:902][  0]LogConfig: Setting CVar [[r.AmbientOcclusionMaxQuality:100]]
[2019.03.04-21.22.27:902][  0]LogConfig: Setting CVar [[r.AmbientOcclusionLevels:-1]]
[2019.03.04-21.22.27:902][  0]LogConfig: Setting CVar [[r.AmbientOcclusionRadiusScale:1.0]]
[2019.03.04-21.22.27:902][  0]LogConfig: Setting CVar [[r.DepthOfFieldQuality:2]]
[2019.03.04-21.22.27:902][  0]LogConfig: Setting CVar [[r.RenderTargetPoolMin:400]]
[2019.03.04-21.22.27:902][  0]LogConfig: Setting CVar [[r.LensFlareQuality:2]]
[2019.03.04-21.22.27:902][  0]LogConfig: Setting CVar [[r.SceneColorFringeQuality:1]]
[2019.03.04-21.22.27:902][  0]LogConfig: Setting CVar [[r.EyeAdaptationQuality:2]]
[2019.03.04-21.22.27:902][  0]LogConfig: Setting CVar [[r.BloomQuality:5]]
[2019.03.04-21.22.27:902][  0]LogConfig: Setting CVar [[r.FastBlurThreshold:100]]
[2019.03.04-21.22.27:902][  0]LogConfig: Setting CVar [[r.Upscale.Quality:3]]
[2019.03.04-21.22.27:902][  0]LogConfig: Setting CVar [[r.Tonemapper.GrainQuantization:1]]
[2019.03.04-21.22.27:902][  0]LogConfig: Setting CVar [[r.LightShaftQuality:1]]
[2019.03.04-21.22.27:902][  0]LogConfig: Setting CVar [[r.Filter.SizeScale:1]]
[2019.03.04-21.22.27:903][  0]LogConfig: Setting CVar [[r.Tonemapper.Quality:5]]
[2019.03.04-21.22.27:903][  0]LogConfig: Setting CVar [[r.DOF.Gather.AccumulatorQuality:1        ; higher gathering accumulator quality]]
[2019.03.04-21.22.27:903][  0]LogConfig: Setting CVar [[r.DOF.Gather.PostfilterMethod:1          ; Median3x3 postfilering method]]
[2019.03.04-21.22.27:903][  0]LogConfig: Setting CVar [[r.DOF.Gather.EnableBokehSettings:0       ; no bokeh simulation when gathering]]
[2019.03.04-21.22.27:903][  0]LogConfig: Setting CVar [[r.DOF.Gather.RingCount:4                 ; medium number of samples when gathering]]
[2019.03.04-21.22.27:903][  0]LogConfig: Setting CVar [[r.DOF.Scatter.ForegroundCompositing:1    ; additive foreground scattering]]
[2019.03.04-21.22.27:903][  0]LogConfig: Setting CVar [[r.DOF.Scatter.BackgroundCompositing:2    ; additive background scattering]]
[2019.03.04-21.22.27:903][  0]LogConfig: Setting CVar [[r.DOF.Scatter.EnableBokehSettings:1      ; bokeh simulation when scattering]]
[2019.03.04-21.22.27:903][  0]LogConfig: Setting CVar [[r.DOF.Scatter.MaxSpriteRatio:0.1         ; only a maximum of 10% of scattered bokeh]]
[2019.03.04-21.22.27:903][  0]LogConfig: Setting CVar [[r.DOF.Recombine.Quality:1                ; cheap slight out of focus]]
[2019.03.04-21.22.27:903][  0]LogConfig: Setting CVar [[r.DOF.Recombine.EnableBokehSettings:0    ; no bokeh simulation on slight out of focus]]
[2019.03.04-21.22.27:903][  0]LogConfig: Setting CVar [[r.DOF.TemporalAAQuality:1                ; more stable temporal accumulation]]
[2019.03.04-21.22.27:903][  0]LogConfig: Setting CVar [[r.DOF.Kernel.MaxForegroundRadius:0.025]]
[2019.03.04-21.22.27:903][  0]LogConfig: Setting CVar [[r.DOF.Kernel.MaxBackgroundRadius:0.025]]
[2019.03.04-21.22.27:903][  0]LogConfig: Applying CVar settings from Section [TextureQuality@3] File [C:/Users/alix/Documents/Unreal Projects/DMC/Saved/Config/Windows/Scalability.ini]
[2019.03.04-21.22.27:903][  0]LogConfig: Setting CVar [[r.Streaming.MipBias:0]]
[2019.03.04-21.22.27:903][  0]LogConfig: Setting CVar [[r.Streaming.AmortizeCPUToGPUCopy:0]]
[2019.03.04-21.22.27:903][  0]LogConfig: Setting CVar [[r.Streaming.MaxNumTexturesToStreamPerFrame:0]]
[2019.03.04-21.22.27:903][  0]LogConfig: Setting CVar [[r.Streaming.Boost:1]]
[2019.03.04-21.22.27:903][  0]LogConfig: Setting CVar [[r.MaxAnisotropy:8]]
[2019.03.04-21.22.27:903][  0]LogConfig: Setting CVar [[r.Streaming.LimitPoolSizeToVRAM:0]]
[2019.03.04-21.22.27:903][  0]LogConfig: Setting CVar [[r.Streaming.PoolSize:1000]]
[2019.03.04-21.22.27:903][  0]LogConfig: Setting CVar [[r.Streaming.MaxEffectiveScreenSize:0]]
[2019.03.04-21.22.27:903][  0]LogConfig: Applying CVar settings from Section [EffectsQuality@3] File [C:/Users/alix/Documents/Unreal Projects/DMC/Saved/Config/Windows/Scalability.ini]
[2019.03.04-21.22.27:903][  0]LogConfig: Setting CVar [[r.TranslucencyLightingVolumeDim:64]]
[2019.03.04-21.22.27:903][  0]LogConfig: Setting CVar [[r.RefractionQuality:2]]
[2019.03.04-21.22.27:903][  0]LogConfig: Setting CVar [[r.SSR.Quality:3]]
[2019.03.04-21.22.27:903][  0]LogConfig: Setting CVar [[r.SceneColorFormat:4]]
[2019.03.04-21.22.27:903][  0]LogConfig: Setting CVar [[r.DetailMode:2]]
[2019.03.04-21.22.27:903][  0]LogConfig: Setting CVar [[r.TranslucencyVolumeBlur:1]]
[2019.03.04-21.22.27:903][  0]LogConfig: Setting CVar [[r.MaterialQualityLevel:1 ; High quality]]
[2019.03.04-21.22.27:903][  0]LogConfig: Setting CVar [[r.SSS.Scale:1]]
[2019.03.04-21.22.27:903][  0]LogConfig: Setting CVar [[r.SSS.SampleSet:2]]
[2019.03.04-21.22.27:903][  0]LogConfig: Setting CVar [[r.SSS.Quality:1]]
[2019.03.04-21.22.27:903][  0]LogConfig: Setting CVar [[r.SSS.HalfRes:1]]
[2019.03.04-21.22.27:903][  0]LogConfig: Setting CVar [[r.EmitterSpawnRateScale:1.0]]
[2019.03.04-21.22.27:903][  0]LogConfig: Setting CVar [[r.ParticleLightQuality:2]]
[2019.03.04-21.22.27:903][  0]LogConfig: Applying CVar settings from Section [FoliageQuality@3] File [C:/Users/alix/Documents/Unreal Projects/DMC/Saved/Config/Windows/Scalability.ini]
[2019.03.04-21.22.27:903][  0]LogConfig: Setting CVar [[foliage.DensityScale:1.0]]
[2019.03.04-21.22.27:903][  0]LogConfig: Setting CVar [[grass.DensityScale:1.0]]
[2019.03.04-21.22.27:903][  0]LogInit: Selected Device Profile: [Windows]
[2019.03.04-21.22.27:903][  0]LogInit: Applying CVar settings loaded from the selected device profile: [Windows]
[2019.03.04-21.22.27:913][  0]LogHAL: Display: Platform has ~ 32 GB [34253942784 / 34359738368 / 32], which maps to Largest [LargestMinGB=32, LargerMinGB=12, DefaultMinGB=8, SmallerMinGB=6, SmallestMinGB=0)
[2019.03.04-21.22.27:913][  0]LogConfig: Setting CVar [[r.Vulkan.UseRealUBs:1]]
[2019.03.04-21.22.27:913][  0]LogInit: Going up to parent DeviceProfile []
[2019.03.04-21.22.27:913][  0]LogConfig: Applying CVar settings from Section [ViewDistanceQuality@3] File [C:/Users/alix/Documents/Unreal Projects/DMC/Saved/Config/Windows/Scalability.ini]
[2019.03.04-21.22.27:913][  0]LogConfig: Setting CVar [[r.SkeletalMeshLODBias:0]]
[2019.03.04-21.22.27:913][  0]LogConfig: Setting CVar [[r.ViewDistanceScale:1.0]]
[2019.03.04-21.22.27:913][  0]LogConfig: Applying CVar settings from Section [AntiAliasingQuality@3] File [C:/Users/alix/Documents/Unreal Projects/DMC/Saved/Config/Windows/Scalability.ini]
[2019.03.04-21.22.27:913][  0]LogConfig: Setting CVar [[r.PostProcessAAQuality:4]]
[2019.03.04-21.22.27:913][  0]LogConfig: Applying CVar settings from Section [ShadowQuality@3] File [C:/Users/alix/Documents/Unreal Projects/DMC/Saved/Config/Windows/Scalability.ini]
[2019.03.04-21.22.27:913][  0]LogConfig: Setting CVar [[r.LightFunctionQuality:1]]
[2019.03.04-21.22.27:913][  0]LogConfig: Setting CVar [[r.ShadowQuality:5]]
[2019.03.04-21.22.27:914][  0]LogConfig: Setting CVar [[r.Shadow.CSM.MaxCascades:10]]
[2019.03.04-21.22.27:914][  0]LogConfig: Setting CVar [[r.Shadow.MaxResolution:2048]]
[2019.03.04-21.22.27:914][  0]LogConfig: Setting CVar [[r.Shadow.MaxCSMResolution:2048]]
[2019.03.04-21.22.27:914][  0]LogConfig: Setting CVar [[r.Shadow.RadiusThreshold:0.01]]
[2019.03.04-21.22.27:914][  0]LogConfig: Setting CVar [[r.Shadow.DistanceScale:1.0]]
[2019.03.04-21.22.27:914][  0]LogConfig: Setting CVar [[r.Shadow.CSM.TransitionScale:1.0]]
[2019.03.04-21.22.27:914][  0]LogConfig: Setting CVar [[r.Shadow.PreShadowResolutionFactor:1.0]]
[2019.03.04-21.22.27:914][  0]LogConfig: Setting CVar [[r.DistanceFieldShadowing:1]]
[2019.03.04-21.22.27:914][  0]LogConfig: Setting CVar [[r.DistanceFieldAO:1]]
[2019.03.04-21.22.27:914][  0]LogConfig: Setting CVar [[r.AOQuality:2]]
[2019.03.04-21.22.27:914][  0]LogConfig: Setting CVar [[r.VolumetricFog:1]]
[2019.03.04-21.22.27:914][  0]LogConfig: Setting CVar [[r.VolumetricFog.GridPixelSize:8]]
[2019.03.04-21.22.27:914][  0]LogConfig: Setting CVar [[r.VolumetricFog.GridSizeZ:128]]
[2019.03.04-21.22.27:914][  0]LogConfig: Setting CVar [[r.VolumetricFog.HistoryMissSupersampleCount:4]]
[2019.03.04-21.22.27:914][  0]LogConfig: Setting CVar [[r.LightMaxDrawDistanceScale:1]]
[2019.03.04-21.22.27:914][  0]LogConfig: Setting CVar [[r.CapsuleShadows:1]]
[2019.03.04-21.22.27:914][  0]LogConfig: Applying CVar settings from Section [PostProcessQuality@3] File [C:/Users/alix/Documents/Unreal Projects/DMC/Saved/Config/Windows/Scalability.ini]
[2019.03.04-21.22.27:914][  0]LogConfig: Setting CVar [[r.MotionBlurQuality:4]]
[2019.03.04-21.22.27:914][  0]LogConfig: Setting CVar [[r.AmbientOcclusionMipLevelFactor:0.4]]
[2019.03.04-21.22.27:914][  0]LogConfig: Setting CVar [[r.AmbientOcclusionMaxQuality:100]]
[2019.03.04-21.22.27:914][  0]LogConfig: Setting CVar [[r.AmbientOcclusionLevels:-1]]
[2019.03.04-21.22.27:914][  0]LogConfig: Setting CVar [[r.AmbientOcclusionRadiusScale:1.0]]
[2019.03.04-21.22.27:914][  0]LogConfig: Setting CVar [[r.DepthOfFieldQuality:2]]
[2019.03.04-21.22.27:914][  0]LogConfig: Setting CVar [[r.RenderTargetPoolMin:400]]
[2019.03.04-21.22.27:914][  0]LogConfig: Setting CVar [[r.LensFlareQuality:2]]
[2019.03.04-21.22.27:914][  0]LogConfig: Setting CVar [[r.SceneColorFringeQuality:1]]
[2019.03.04-21.22.27:914][  0]LogConfig: Setting CVar [[r.EyeAdaptationQuality:2]]
[2019.03.04-21.22.27:914][  0]LogConfig: Setting CVar [[r.BloomQuality:5]]
[2019.03.04-21.22.27:914][  0]LogConfig: Setting CVar [[r.FastBlurThreshold:100]]
[2019.03.04-21.22.27:914][  0]LogConfig: Setting CVar [[r.Upscale.Quality:3]]
[2019.03.04-21.22.27:914][  0]LogConfig: Setting CVar [[r.Tonemapper.GrainQuantization:1]]
[2019.03.04-21.22.27:914][  0]LogConfig: Setting CVar [[r.LightShaftQuality:1]]
[2019.03.04-21.22.27:914][  0]LogConfig: Setting CVar [[r.Filter.SizeScale:1]]
[2019.03.04-21.22.27:914][  0]LogConfig: Setting CVar [[r.Tonemapper.Quality:5]]
[2019.03.04-21.22.27:914][  0]LogConfig: Setting CVar [[r.DOF.Gather.AccumulatorQuality:1        ; higher gathering accumulator quality]]
[2019.03.04-21.22.27:914][  0]LogConfig: Setting CVar [[r.DOF.Gather.PostfilterMethod:1          ; Median3x3 postfilering method]]
[2019.03.04-21.22.27:914][  0]LogConfig: Setting CVar [[r.DOF.Gather.EnableBokehSettings:0       ; no bokeh simulation when gathering]]
[2019.03.04-21.22.27:914][  0]LogConfig: Setting CVar [[r.DOF.Gather.RingCount:4                 ; medium number of samples when gathering]]
[2019.03.04-21.22.27:914][  0]LogConfig: Setting CVar [[r.DOF.Scatter.ForegroundCompositing:1    ; additive foreground scattering]]
[2019.03.04-21.22.27:914][  0]LogConfig: Setting CVar [[r.DOF.Scatter.BackgroundCompositing:2    ; additive background scattering]]
[2019.03.04-21.22.27:914][  0]LogConfig: Setting CVar [[r.DOF.Scatter.EnableBokehSettings:1      ; bokeh simulation when scattering]]
[2019.03.04-21.22.27:914][  0]LogConfig: Setting CVar [[r.DOF.Scatter.MaxSpriteRatio:0.1         ; only a maximum of 10% of scattered bokeh]]
[2019.03.04-21.22.27:914][  0]LogConfig: Setting CVar [[r.DOF.Recombine.Quality:1                ; cheap slight out of focus]]
[2019.03.04-21.22.27:914][  0]LogConfig: Setting CVar [[r.DOF.Recombine.EnableBokehSettings:0    ; no bokeh simulation on slight out of focus]]
[2019.03.04-21.22.27:914][  0]LogConfig: Setting CVar [[r.DOF.TemporalAAQuality:1                ; more stable temporal accumulation]]
[2019.03.04-21.22.27:914][  0]LogConfig: Setting CVar [[r.DOF.Kernel.MaxForegroundRadius:0.025]]
[2019.03.04-21.22.27:914][  0]LogConfig: Setting CVar [[r.DOF.Kernel.MaxBackgroundRadius:0.025]]
[2019.03.04-21.22.27:914][  0]LogConfig: Applying CVar settings from Section [TextureQuality@3] File [C:/Users/alix/Documents/Unreal Projects/DMC/Saved/Config/Windows/Scalability.ini]
[2019.03.04-21.22.27:914][  0]LogConfig: Setting CVar [[r.Streaming.MipBias:0]]
[2019.03.04-21.22.27:914][  0]LogConfig: Setting CVar [[r.Streaming.AmortizeCPUToGPUCopy:0]]
[2019.03.04-21.22.27:914][  0]LogConfig: Setting CVar [[r.Streaming.MaxNumTexturesToStreamPerFrame:0]]
[2019.03.04-21.22.27:914][  0]LogConfig: Setting CVar [[r.Streaming.Boost:1]]
[2019.03.04-21.22.27:914][  0]LogConfig: Setting CVar [[r.MaxAnisotropy:8]]
[2019.03.04-21.22.27:914][  0]LogConfig: Setting CVar [[r.Streaming.LimitPoolSizeToVRAM:0]]
[2019.03.04-21.22.27:914][  0]LogConfig: Setting CVar [[r.Streaming.PoolSize:1000]]
[2019.03.04-21.22.27:914][  0]LogConfig: Setting CVar [[r.Streaming.MaxEffectiveScreenSize:0]]
[2019.03.04-21.22.27:914][  0]LogConfig: Applying CVar settings from Section [EffectsQuality@3] File [C:/Users/alix/Documents/Unreal Projects/DMC/Saved/Config/Windows/Scalability.ini]
[2019.03.04-21.22.27:914][  0]LogConfig: Setting CVar [[r.TranslucencyLightingVolumeDim:64]]
[2019.03.04-21.22.27:914][  0]LogConfig: Setting CVar [[r.RefractionQuality:2]]
[2019.03.04-21.22.27:914][  0]LogConfig: Setting CVar [[r.SSR.Quality:3]]
[2019.03.04-21.22.27:914][  0]LogConfig: Setting CVar [[r.SceneColorFormat:4]]
[2019.03.04-21.22.27:914][  0]LogConfig: Setting CVar [[r.DetailMode:2]]
[2019.03.04-21.22.27:915][  0]LogConfig: Setting CVar [[r.TranslucencyVolumeBlur:1]]
[2019.03.04-21.22.27:915][  0]LogConfig: Setting CVar [[r.MaterialQualityLevel:1 ; High quality]]
[2019.03.04-21.22.27:915][  0]LogConfig: Setting CVar [[r.SSS.Scale:1]]
[2019.03.04-21.22.27:915][  0]LogConfig: Setting CVar [[r.SSS.SampleSet:2]]
[2019.03.04-21.22.27:915][  0]LogConfig: Setting CVar [[r.SSS.Quality:1]]
[2019.03.04-21.22.27:915][  0]LogConfig: Setting CVar [[r.SSS.HalfRes:1]]
[2019.03.04-21.22.27:915][  0]LogConfig: Setting CVar [[r.EmitterSpawnRateScale:1.0]]
[2019.03.04-21.22.27:915][  0]LogConfig: Setting CVar [[r.ParticleLightQuality:2]]
[2019.03.04-21.22.27:915][  0]LogConfig: Applying CVar settings from Section [FoliageQuality@3] File [C:/Users/alix/Documents/Unreal Projects/DMC/Saved/Config/Windows/Scalability.ini]
[2019.03.04-21.22.27:915][  0]LogConfig: Setting CVar [[foliage.DensityScale:1.0]]
[2019.03.04-21.22.27:915][  0]LogConfig: Setting CVar [[grass.DensityScale:1.0]]
[2019.03.04-21.22.27:915][  0]LogConfig: Applying CVar settings from Section [Startup] File [../../../Engine/Config/ConsoleVariables.ini]
[2019.03.04-21.22.27:915][  0]LogConfig: Setting CVar [[net.UseAdaptiveNetUpdateFrequency:0]]
[2019.03.04-21.22.27:915][  0]LogConfig: Applying CVar settings from Section [ConsoleVariables] File [C:/Users/alix/Documents/Unreal Projects/DMC/Saved/Config/Windows/Engine.ini]
[2019.03.04-21.22.27:915][  0]LogInit: Computer: ALIX-PC
[2019.03.04-21.22.27:915][  0]LogInit: User: alix
[2019.03.04-21.22.27:915][  0]LogInit: CPU Page size=4096, Cores=4
[2019.03.04-21.22.27:915][  0]LogInit: High frequency timer resolution =3.906552 MHz
[2019.03.04-21.22.27:915][  0]LogMemory: Memory total: Physical=31.9GB (32GB approx)
[2019.03.04-21.22.27:915][  0]LogMemory: Platform Memory Stats for Windows
[2019.03.04-21.22.27:915][  0]LogMemory: Process Physical Memory: 105.86 MB used, 105.86 MB peak
[2019.03.04-21.22.27:915][  0]LogMemory: Process Virtual Memory: 93.47 MB used, 93.47 MB peak
[2019.03.04-21.22.27:916][  0]LogMemory: Physical Memory: 7622.37 MB used,  25044.73 MB free, 32667.11 MB total
[2019.03.04-21.22.27:916][  0]LogMemory: Virtual Memory: 500.84 MB used,  8388107.00 MB free, 8388608.00 MB total
[2019.03.04-21.22.27:937][  0]LogInit: Using OS detected language (en-GB).
[2019.03.04-21.22.27:937][  0]LogInit: Using OS detected locale (en-GB).
[2019.03.04-21.22.27:938][  0]LogTextLocalizationManager: No specific localization for 'en-GB' exists, so the 'en' localization will be used.
[2019.03.04-21.22.28:385][  0]LogStreaming: Display: Took  0.447s to InitEngineTextLocalization.
[2019.03.04-21.22.28:386][  0]LogWindows: Failed to load 'shcore.dll' (GetLastError=126)
[2019.03.04-21.22.28:386][  0]LogWindows: File 'shcore.dll' does not exist
[2019.03.04-21.22.28:386][  0]LogInit: Setting process to DPI aware
[2019.03.04-21.22.28:414][  0]LogSlate: New Slate User Created.  User Index 0, Is Virtual User: 0
[2019.03.04-21.22.28:414][  0]LogSlate: Slate User Registered.  User Index 0, Is Virtual User: 0
[2019.03.04-21.22.28:604][  0]LogHMD: Failed to initialize OpenVR with code 110
[2019.03.04-21.22.28:604][  0]LogD3D11RHI: D3D11 adapters:
[2019.03.04-21.22.28:646][  0]LogD3D11RHI:    0. 'NVIDIA GeForce GTX 970' (Feature Level 11_0)
[2019.03.04-21.22.28:646][  0]LogD3D11RHI:       3992/0/16077 MB DedicatedVideo/DedicatedSystem/SharedSystem, Outputs:2, VendorId:0x10de
[2019.03.04-21.22.28:646][  0]LogD3D11RHI: Chosen D3D11 Adapter: 0
[2019.03.04-21.22.28:653][  0]LogD3D11RHI: Creating new Direct3DDevice
[2019.03.04-21.22.28:653][  0]LogD3D11RHI:     GPU DeviceId: 0x13c2 (for the marketing name, search the web for "GPU Device Id")
[2019.03.04-21.22.28:653][  0]LogWindows: EnumDisplayDevices:
[2019.03.04-21.22.28:653][  0]LogWindows:    0. 'NVIDIA GeForce GTX 970' (P:1 D:1)
[2019.03.04-21.22.28:653][  0]LogWindows:    1. 'NVIDIA GeForce GTX 970' (P:0 D:1)
[2019.03.04-21.22.28:653][  0]LogWindows:    2. 'NVIDIA GeForce GTX 970' (P:0 D:0)
[2019.03.04-21.22.28:654][  0]LogWindows:    3. 'NVIDIA GeForce GTX 970' (P:0 D:0)
[2019.03.04-21.22.28:654][  0]LogWindows:    4. 'RDPDD Chained DD' (P:0 D:0)
[2019.03.04-21.22.28:654][  0]LogWindows:    5. 'RDP Encoder Mirror Driver' (P:0 D:0)
[2019.03.04-21.22.28:654][  0]LogWindows:    6. 'RDP Reflector Display Driver' (P:0 D:0)
[2019.03.04-21.22.28:654][  0]LogWindows: DebugString: GetVideoDriverDetailsInvalid PrimaryIsNotTheChoosenAdapter GetVideoDriverDetailsInvalid PrimaryIsNotTheChoosenAdapter GetVideoDriverDetailsInvalid PrimaryIsNotTheChoosenAdapter FoundDriverCount:4 
[2019.03.04-21.22.28:654][  0]LogD3D11RHI:     Adapter Name: NVIDIA GeForce GTX 970
[2019.03.04-21.22.28:654][  0]LogD3D11RHI:   Driver Version: 391.35 (internal:23.21.13.9135, unified:391.35)
[2019.03.04-21.22.28:654][  0]LogD3D11RHI:      Driver Date: 3-23-2018
[2019.03.04-21.22.28:654][  0]LogRHI: Texture pool is 2794 MB (70% of 3992 MB)
[2019.03.04-21.22.28:674][  0]LogD3D11RHI: Async texture creation enabled
[2019.03.04-21.22.28:690][  0]LogD3D11RHI: GPU Timing Frequency: 1000.000000 (Debug: 2 2)
[2019.03.04-21.22.29:090][  0]LogTemp: Display: Loaded TP AllDesktopTargetPlatform
[2019.03.04-21.22.29:108][  0]LogTemp: Display: Loaded TP MacClientTargetPlatform
[2019.03.04-21.22.29:129][  0]LogTemp: Display: Loaded TP MacNoEditorTargetPlatform
[2019.03.04-21.22.29:149][  0]LogTemp: Display: Loaded TP MacServerTargetPlatform
[2019.03.04-21.22.29:168][  0]LogTemp: Display: Loaded TP MacTargetPlatform
[2019.03.04-21.22.29:186][  0]LogTemp: Display: Loaded TP WindowsClientTargetPlatform
[2019.03.04-21.22.29:204][  0]LogTemp: Display: Loaded TP WindowsNoEditorTargetPlatform
[2019.03.04-21.22.29:223][  0]LogTemp: Display: Loaded TP WindowsServerTargetPlatform
[2019.03.04-21.22.29:232][  0]LogTemp: Display: Loaded TP WindowsTargetPlatform
[2019.03.04-21.22.29:358][  0]LogTemp: Display: Loaded TP AndroidTargetPlatform
[2019.03.04-21.22.29:358][  0]LogTemp: Display: Loaded TP AndroidTargetPlatform
[2019.03.04-21.22.29:358][  0]LogTemp: Display: Loaded TP AndroidTargetPlatform
[2019.03.04-21.22.29:358][  0]LogTemp: Display: Loaded TP AndroidTargetPlatform
[2019.03.04-21.22.29:358][  0]LogTemp: Display: Loaded TP AndroidTargetPlatform
[2019.03.04-21.22.29:358][  0]LogTemp: Display: Loaded TP AndroidTargetPlatform
[2019.03.04-21.22.29:358][  0]LogTemp: Display: Loaded TP AndroidTargetPlatform
[2019.03.04-21.22.29:358][  0]LogTemp: Display: Loaded TP AndroidTargetPlatform
[2019.03.04-21.22.29:358][  0]LogTemp: Display: Loaded TP AndroidTargetPlatform
[2019.03.04-21.22.29:358][  0]LogTemp: Display: Loaded TP AndroidTargetPlatform
[2019.03.04-21.22.29:359][  0]LogTemp: Display: Loaded TP AndroidTargetPlatform
[2019.03.04-21.22.29:359][  0]LogTemp: Display: Loaded TP AndroidTargetPlatform
[2019.03.04-21.22.29:359][  0]LogTemp: Display: Loaded TP AndroidTargetPlatform
[2019.03.04-21.22.29:359][  0]LogTemp: Display: Loaded TP AndroidTargetPlatform
[2019.03.04-21.22.29:359][  0]LogTemp: Display: Loaded TP AndroidTargetPlatform
[2019.03.04-21.22.29:359][  0]LogTemp: Display: Loaded TP AndroidTargetPlatform
[2019.03.04-21.22.29:359][  0]LogTemp: Display: Loaded TP AndroidTargetPlatform
[2019.03.04-21.22.29:359][  0]LogTemp: Display: Loaded TP AndroidTargetPlatform
[2019.03.04-21.22.29:360][  0]LogTemp: Display: Loaded TP HTML5TargetPlatform
[2019.03.04-21.22.29:429][  0]LogTemp: Display: Loaded TP IOSTargetPlatform
[2019.03.04-21.22.29:429][  0]LogTemp: Display: Loaded TP IOSTargetPlatform
[2019.03.04-21.22.29:461][  0]LogTemp: Display: Loaded TP TVOSTargetPlatform
[2019.03.04-21.22.29:461][  0]LogTemp: Display: Loaded TP TVOSTargetPlatform
[2019.03.04-21.22.29:478][  0]LogTemp: Display: Loaded TP LinuxClientTargetPlatform
[2019.03.04-21.22.29:495][  0]LogTemp: Display: Loaded TP LinuxNoEditorTargetPlatform
[2019.03.04-21.22.29:512][  0]LogTemp: Display: Loaded TP LinuxServerTargetPlatform
[2019.03.04-21.22.29:529][  0]LogTemp: Display: Loaded TP LinuxTargetPlatform
[2019.03.04-21.22.29:591][  0]LogTemp: Display: Loaded TP LuminTargetPlatform
[2019.03.04-21.22.29:592][  0]LogTemp: Display: Loaded TP LuminTargetPlatform
[2019.03.04-21.22.29:592][  0]LogTargetPlatformManager: Display: Building Assets For Windows
[2019.03.04-21.22.29:644][  0]LogShaderCompilers: Guid format shader working directory is -14 characters bigger than the processId version (../../../../../../Users/alix/Documents/Unreal Projects/DMC/Intermediate/Shaders/WorkingDirectory/11432/).
[2019.03.04-21.22.29:644][  0]LogShaderCompilers: Cleaned the shader compiler working directory 'C:/Users/alix/AppData/Local/Temp/UnrealShaderWorkingDir/E696489D451113DA27E71384D8654435/'.
[2019.03.04-21.22.29:646][  0]LogXGEController: Cannot use XGE Controller as Incredibuild is not installed on this machine.
[2019.03.04-21.22.29:646][  0]LogShaderCompilers: Cannot use XGE Shader Compiler as Incredibuild is not installed on this machine.
[2019.03.04-21.22.29:646][  0]LogShaderCompilers: Display: Using Local Shader Compiler.
[2019.03.04-21.22.30:408][  0]LogDerivedDataCache: Display: Max Cache Size: 512 MB
[2019.03.04-21.22.30:504][  0]LogDerivedDataCache: Loaded boot cache 0.10s 71MB C:/Users/alix/AppData/Local/UnrealEngine/4.21/DerivedDataCache/Boot.ddc.
[2019.03.04-21.22.30:504][  0]LogDerivedDataCache: Display: Loaded Boot cache: C:/Users/alix/AppData/Local/UnrealEngine/4.21/DerivedDataCache/Boot.ddc
[2019.03.04-21.22.30:504][  0]LogDerivedDataCache: FDerivedDataBackendGraph:  Pak pak cache file ../../../../../../Users/alix/Documents/Unreal Projects/DMC/DerivedDataCache/DDC.ddp not found, will not use a pak cache.
[2019.03.04-21.22.30:504][  0]LogDerivedDataCache: Unable to find inner node Pak for hierarchical cache Hierarchy.
[2019.03.04-21.22.30:504][  0]LogDerivedDataCache: FDerivedDataBackendGraph:  CompressedPak pak cache file ../../../../../../Users/alix/Documents/Unreal Projects/DMC/DerivedDataCache/Compressed.ddp not found, will not use a pak cache.
[2019.03.04-21.22.30:504][  0]LogDerivedDataCache: Unable to find inner node CompressedPak for hierarchical cache Hierarchy.
[2019.03.04-21.22.30:524][  0]LogDerivedDataCache: Display: Pak cache opened for reading ../../../Engine/DerivedDataCache/Compressed.ddp.
[2019.03.04-21.22.30:524][  0]LogDerivedDataCache: FDerivedDataBackendGraph:  EnterprisePak pak cache file ../../../Enterprise/DerivedDataCache/Compressed.ddp not found, will not use a pak cache.
[2019.03.04-21.22.30:524][  0]LogDerivedDataCache: Unable to find inner node EnterprisePak for hierarchical cache Hierarchy.
[2019.03.04-21.22.30:535][  0]LogDerivedDataCache: Using Local data cache path C:/Users/alix/AppData/Local/UnrealEngine/Common/DerivedDataCache: Writable
[2019.03.04-21.22.30:535][  0]LogDerivedDataCache: Shared data cache path not found in *engine.ini, will not use an Shared cache.
[2019.03.04-21.22.30:535][  0]LogDerivedDataCache: Unable to find inner node Shared for hierarchical cache Hierarchy.
[2019.03.04-21.22.30:567][  0]LogMaterial: Verifying Global Shaders for PCD3D_SM5
[2019.03.04-21.22.30:568][  0]LogSlate: Using FreeType 2.6.0
[2019.03.04-21.22.30:569][  0]LogSlate: SlateFontServices - WITH_FREETYPE: 1, WITH_HARFBUZZ: 1
[2019.03.04-21.22.30:667][  0]LogAssetRegistry: FAssetRegistry took 0.0366 seconds to start up
[2019.03.04-21.22.31:123][  0]LogInit: Selected Device Profile: [Windows]
[2019.03.04-21.22.31:314][  0]LogSimplygon: Simplygon DLL not present - disabling.
[2019.03.04-21.22.31:317][  0]LogMeshReduction: Using SimplygonSwarm for distributed automatic mesh merging
[2019.03.04-21.22.31:317][  0]LogMeshReduction: Using ProxyLODMeshReduction for automatic mesh merging
[2019.03.04-21.22.31:317][  0]LogMeshReduction: Using QuadricMeshReduction for automatic static mesh reduction
[2019.03.04-21.22.31:317][  0]LogMeshReduction: No automatic skeletal mesh reduction module available
[2019.03.04-21.22.31:333][  0]LogNetVersion: DMC 1.0.0, NetCL: 4541578, EngineNetVer: 5, GameNetVer: 0 (Checksum: 264673230)
[2019.03.04-21.22.31:941][  0]LogPackageLocalizationCache: Processed 11 localized package path(s) for 2 prioritized culture(s) in 0.069452 seconds
[2019.03.04-21.22.31:948][  0]LogUObjectArray: 39775 objects as part of root set at end of initial load.
[2019.03.04-21.22.31:948][  0]LogUObjectAllocator: 6914656 out of 0 bytes used by permanent object pool.
[2019.03.04-21.22.31:948][  0]LogUObjectArray: CloseDisregardForGC: 0/0 objects in disregard for GC pool
[2019.03.04-21.22.32:874][  0]LogTcpMessaging: Initializing TcpMessaging bridge
[2019.03.04-21.22.32:886][  0]LogUdpMessaging: Initializing bridge on interface 0.0.0.0:0 to multicast group 230.0.0.1:6666.
[2019.03.04-21.22.33:638][  0]SourceControl: Source control is disabled
[2019.03.04-21.22.33:638][  0]SourceControl: Source control is disabled
[2019.03.04-21.22.33:639][  0]SourceControl: Source control is disabled
[2019.03.04-21.22.33:640][  0]SourceControl: Source control is disabled
[2019.03.04-21.22.33:799][  0]LogAndroidPermission: UAndroidPermissionCallbackProxy::GetInstance
[2019.03.04-21.22.33:869][  0]LogOcInput: OculusInput pre-init called
[2019.03.04-21.22.34:008][  0]LogEngine: Initializing Engine...
[2019.03.04-21.22.34:009][  0]LogHMD: Failed to initialize OpenVR with code 110
[2019.03.04-21.22.34:011][  0]LogStats: UGameplayTagsManager::ConstructGameplayTagTree: ImportINI prefixes -  0.000 s
[2019.03.04-21.22.34:011][  0]LogStats: UGameplayTagsManager::ConstructGameplayTagTree: Construct from data asset -  0.000 s
[2019.03.04-21.22.34:011][  0]LogStats: UGameplayTagsManager::ConstructGameplayTagTree: ImportINI -  0.000 s
[2019.03.04-21.22.34:011][  0]LogStats: UGameplayTagsManager::ConstructGameplayTagTree: GameplayTagTreeChangedEvent.Broadcast -  0.000 s
[2019.03.04-21.22.34:321][  0]LogInit: Initializing FReadOnlyCVARCache
[2019.03.04-21.22.34:338][  0]LogAIModule: Creating AISystem for world Untitled
[2019.03.04-21.22.34:365][  0]LogInit: XAudio2 using 'Speakers (Realtek High Definition Audio)' : 2 channels at 48 kHz using 32 bits per sample (channel mask 0x3)
[2019.03.04-21.22.34:379][  0]LogInit: FAudioDevice initialized.
[2019.03.04-21.22.34:379][  0]LogNetVersion: Set ProjectVersion to 1.0.0.0. Version Checksum will be recalculated on next use.
[2019.03.04-21.22.34:486][  0]LogDerivedDataCache: Saved boot cache 0.11s 71MB C:/Users/alix/AppData/Local/UnrealEngine/4.21/DerivedDataCache/Boot.ddc.
[2019.03.04-21.22.34:495][  0]LogInit: Texture streaming: Enabled
[2019.03.04-21.22.34:514][  0]LogEngineSessionManager: EngineSessionManager initialized
[2019.03.04-21.22.34:523][  0]LogInit: Transaction tracking system initialized
[2019.03.04-21.22.34:543][  0]BlueprintLog: New page: Editor Load
[2019.03.04-21.22.34:621][  0]LocalizationService: Localization service is disabled
[2019.03.04-21.22.35:158][  0]LogFileCache: Scanning file cache for directory 'C:/Users/alix/Documents/Unreal Projects/DMC/Content/' took 0.01s
[2019.03.04-21.22.35:158][  0]LogCook: Display: Max memory allowance for cook 16384mb min free memory 0mb
[2019.03.04-21.22.35:158][  0]LogCook: Display: Mobile HDR setting 1
[2019.03.04-21.22.35:159][  0]LogGameplayTags: Display: UGameplayTagsManager::DoneAddingNativeTags. DelegateIsBound: 0
[2019.03.04-21.22.35:159][  0]LogStats: UGameplayTagsManager::ConstructGameplayTagTree: ImportINI prefixes -  0.000 s
[2019.03.04-21.22.35:159][  0]LogStats: UGameplayTagsManager::ConstructGameplayTagTree: Construct from data asset -  0.000 s
[2019.03.04-21.22.35:159][  0]LogStats: UGameplayTagsManager::ConstructGameplayTagTree: ImportINI -  0.000 s
[2019.03.04-21.22.35:159][  0]LogStats: UGameplayTagsManager::ConstructGameplayTagTree: GameplayTagTreeChangedEvent.Broadcast -  0.000 s
[2019.03.04-21.22.35:299][  0]SourceControl: Source control is disabled
[2019.03.04-21.22.35:368][  0]LogSlate: Took 0.000155 seconds to synchronously load lazily loaded font '../../../Engine/Content/Slate/Fonts/Roboto-Regular.ttf' (155K)
[2019.03.04-21.22.41:229][  0]LogSlate: Window 'Restore Packages' being destroyed
[2019.03.04-21.22.42:605][  0]LogSlate: Window 'Unable to Check Out From Source Control!' being destroyed
[2019.03.04-21.22.42:612][  0]Cmd: MAP LOAD FILE="../../../Engine/Content/Maps/Templates/Template_Default.umap" TEMPLATE=1 SHOWPROGRESS=1 FEATURELEVEL=3
[2019.03.04-21.22.42:612][  0]LightingResults: New page: Lighting Build
[2019.03.04-21.22.42:615][  0]MapCheck: New page: Map Check
[2019.03.04-21.22.42:615][  0]LightingResults: New page: Lighting Build
[2019.03.04-21.22.42:945][  0]LogAIModule: Creating AISystem for world Untitled_1
[2019.03.04-21.22.42:952][  0]LogEditorServer: Finished looking for orphan Actors (0.000 secs)
[2019.03.04-21.22.43:065][  0]Cmd: MAP CHECKDEP NOCLEARLOG
[2019.03.04-21.22.43:066][  0]MapCheck: Map check complete: 0 Error(s), 0 Warning(s), took 0.256ms to complete.
[2019.03.04-21.22.43:066][  0]LogFileHelpers: Loading map 'Template_Default' took 0.454
[2019.03.04-21.22.43:126][  0]LogSlate: Updating window title bar state: overlay mode, drag disabled, window buttons hidden, title bar hidden
[2019.03.04-21.22.43:134][  0]LogSlate: Updating window title bar state: overlay mode, drag disabled, window buttons hidden, title bar hidden
[2019.03.04-21.22.43:141][  0]LogSlate: Updating window title bar state: overlay mode, drag disabled, window buttons hidden, title bar hidden
[2019.03.04-21.22.43:149][  0]LogSlate: Updating window title bar state: overlay mode, drag disabled, window buttons hidden, title bar hidden
[2019.03.04-21.22.43:154][  0]LogCollectionManager: Loaded 0 collections in 0.001533 seconds
[2019.03.04-21.22.43:190][  0]LogFileCache: Scanning file cache for directory 'C:/Users/alix/Documents/Unreal Projects/DMC/Saved/Collections/' took 0.01s
[2019.03.04-21.22.43:190][  0]LogFileCache: Scanning file cache for directory 'C:/Users/alix/Documents/Unreal Projects/DMC/Content/Developers/alix/Collections/' took 0.01s
[2019.03.04-21.22.43:190][  0]LogFileCache: Scanning file cache for directory 'C:/Users/alix/Documents/Unreal Projects/DMC/Content/Collections/' took 0.01s
[2019.03.04-21.22.43:190][  0]LogCollectionManager: Rebuilt the GUID cache for 0 collections in 0.000000 seconds
[2019.03.04-21.22.43:205][  0]LogContentBrowser: Native class hierarchy populated in 0.0146 seconds. Added 2651 classes and 620 folders.
[2019.03.04-21.22.43:212][  0]LogContentBrowser: Native class hierarchy updated for 'WidgetCarousel' in 0.0003 seconds. Added 0 classes and 0 folders.
[2019.03.04-21.22.43:213][  0]LogPakFile: Registered encryption key '00000000000000000000000000000000': 0 pak files mounted, 0 remain pending
[2019.03.04-21.22.43:214][  0]LogPakFile: Registered encryption key '00000000000000000000000000000000': 0 pak files mounted, 0 remain pending
[2019.03.04-21.22.43:214][  0]LogPakFile: Registered encryption key '00000000000000000000000000000000': 0 pak files mounted, 0 remain pending
[2019.03.04-21.22.43:215][  0]LogPakFile: Registered encryption key '00000000000000000000000000000000': 0 pak files mounted, 0 remain pending
[2019.03.04-21.22.43:215][  0]LogPakFile: Registered encryption key '00000000000000000000000000000000': 0 pak files mounted, 0 remain pending
[2019.03.04-21.22.43:216][  0]LogPakFile: Registered encryption key '00000000000000000000000000000000': 0 pak files mounted, 0 remain pending
[2019.03.04-21.22.43:216][  0]LogPakFile: Registered encryption key '00000000000000000000000000000000': 0 pak files mounted, 0 remain pending
[2019.03.04-21.22.43:217][  0]LogPakFile: Registered encryption key '00000000000000000000000000000000': 0 pak files mounted, 0 remain pending
[2019.03.04-21.22.43:217][  0]LogPakFile: Registered encryption key '00000000000000000000000000000000': 0 pak files mounted, 0 remain pending
[2019.03.04-21.22.43:217][  0]LogPakFile: Registered encryption key '00000000000000000000000000000000': 0 pak files mounted, 0 remain pending
[2019.03.04-21.22.43:218][  0]LogPakFile: Registered encryption key '00000000000000000000000000000000': 0 pak files mounted, 0 remain pending
[2019.03.04-21.22.43:218][  0]LogPakFile: Registered encryption key '00000000000000000000000000000000': 0 pak files mounted, 0 remain pending
[2019.03.04-21.22.43:219][  0]LogPakFile: Registered encryption key '00000000000000000000000000000000': 0 pak files mounted, 0 remain pending
[2019.03.04-21.22.43:219][  0]LogPakFile: Registered encryption key '00000000000000000000000000000000': 0 pak files mounted, 0 remain pending
[2019.03.04-21.22.43:220][  0]LogPakFile: Registered encryption key '00000000000000000000000000000000': 0 pak files mounted, 0 remain pending
[2019.03.04-21.22.43:220][  0]LogPakFile: Registered encryption key '00000000000000000000000000000000': 0 pak files mounted, 0 remain pending
[2019.03.04-21.22.43:221][  0]LogPakFile: Registered encryption key '00000000000000000000000000000000': 0 pak files mounted, 0 remain pending
[2019.03.04-21.22.43:221][  0]LogPakFile: Registered encryption key '00000000000000000000000000000000': 0 pak files mounted, 0 remain pending
[2019.03.04-21.22.43:221][  0]LogPakFile: Registered encryption key '00000000000000000000000000000000': 0 pak files mounted, 0 remain pending
[2019.03.04-21.22.43:222][  0]LogPakFile: Registered encryption key '00000000000000000000000000000000': 0 pak files mounted, 0 remain pending
[2019.03.04-21.22.43:222][  0]LogPakFile: Registered encryption key '00000000000000000000000000000000': 0 pak files mounted, 0 remain pending
[2019.03.04-21.22.43:223][  0]LogPakFile: Registered encryption key '00000000000000000000000000000000': 0 pak files mounted, 0 remain pending
[2019.03.04-21.22.43:224][  0]LogPakFile: Registered encryption key '00000000000000000000000000000000': 0 pak files mounted, 0 remain pending
[2019.03.04-21.22.43:224][  0]LogPakFile: Registered encryption key '00000000000000000000000000000000': 0 pak files mounted, 0 remain pending
[2019.03.04-21.22.43:225][  0]LogPakFile: Registered encryption key '00000000000000000000000000000000': 0 pak files mounted, 0 remain pending
[2019.03.04-21.22.43:225][  0]LogPakFile: Registered encryption key '00000000000000000000000000000000': 0 pak files mounted, 0 remain pending
[2019.03.04-21.22.43:247][  0]LogContentBrowser: Native class hierarchy updated for 'AddContentDialog' in 0.0003 seconds. Added 0 classes and 0 folders.
[2019.03.04-21.22.43:253][  0]LogContentBrowser: Native class hierarchy updated for 'SceneOutliner' in 0.0003 seconds. Added 1 classes and 2 folders.
[2019.03.04-21.22.43:268][  0]LogSlate: Took 0.000158 seconds to synchronously load lazily loaded font '../../../Engine/Content/Slate/Fonts/Roboto-Bold.ttf' (160K)
[2019.03.04-21.22.43:273][  0]LogSlate: Took 0.000129 seconds to synchronously load lazily loaded font '../../../Engine/Content/Editor/Slate/Fonts/FontAwesome.ttf' (139K)
[2019.03.04-21.22.43:338][  0]LogRenderer: Reallocating scene render targets to support 984x556 Format 10 NumSamples 1 (Frame:1).
[2019.03.04-21.22.43:480][  0]LogContentBrowser: Native class hierarchy updated for 'HierarchicalLODOutliner' in 0.0003 seconds. Added 0 classes and 0 folders.
[2019.03.04-21.22.43:481][  0]LogLoad: (Engine Initialization) Total time: 16.89 seconds
[2019.03.04-21.22.43:481][  0]LogLoad: (Engine Initialization) Total Blueprint compile time: 0.00 seconds
[2019.03.04-21.22.43:548][  0]LogContentStreaming: Texture pool size now 1000 MB
[2019.03.04-21.22.43:566][  0]LogSlate: Took 0.000135 seconds to synchronously load lazily loaded font '../../../Engine/Content/Slate/Fonts/Roboto-Light.ttf' (167K)
[2019.03.04-21.22.43:680][  2]LogAssetRegistry: Asset discovery search completed in 13.0340 seconds
[2019.03.04-21.22.43:682][  2]LogCollectionManager: Rebuilt the object cache for 0 collections in 0.000000 seconds (found 0 objects)
[2019.03.04-21.22.43:682][  2]LogCollectionManager: Fixed up redirectors for 0 collections in 0.000042 seconds (updated 0 objects)
[2019.03.04-21.22.44:501][ 95]LogSlate: Took 0.000146 seconds to synchronously load lazily loaded font '../../../Engine/Content/Slate/Fonts/Roboto-Light.ttf' (167K)
[2019.03.04-21.22.44:914][131]LogSlate: FSceneViewport::OnFocusLost() reason 0
[2019.03.04-21.22.49:129][138]LogSlate: Window 'Save Level As' being destroyed
[2019.03.04-21.22.50:891][325]LogAIModule: Creating AISystem for world Main
[2019.03.04-21.22.50:898][325]LogAssetEditorManager: Opening Asset editor for World /Game/Levels/Main.Main
[2019.03.04-21.22.51:027][325]Cmd: MAP LOAD FILE="../../../../../../Users/alix/Documents/Unreal Projects/DMC/Content/Levels/Main.umap" TEMPLATE=0 SHOWPROGRESS=1 FEATURELEVEL=3
[2019.03.04-21.22.51:027][325]LightingResults: New page: Lighting Build
[2019.03.04-21.22.51:027][325]LoadErrors: New page: Loading map: Main.umap
[2019.03.04-21.22.51:028][325]MapCheck: New page: Map Check
[2019.03.04-21.22.51:028][325]LightingResults: New page: Lighting Build
[2019.03.04-21.22.51:150][325]LogEditorServer: Finished looking for orphan Actors (0.000 secs)
[2019.03.04-21.22.51:288][325]Cmd: MAP CHECKDEP NOCLEARLOG
[2019.03.04-21.22.51:289][325]MapCheck: Map check complete: 0 Error(s), 0 Warning(s), took 0.114ms to complete.
[2019.03.04-21.22.51:289][325]LogFileHelpers: Loading map 'Main' took 0.263
[2019.03.04-21.22.52:264][428]Cmd: OBJ SAVEPACKAGE PACKAGE="/Game/Levels/Main" FILE="../../../../../../Users/alix/Documents/Unreal Projects/DMC/Content/Levels/Main.umap" SILENT=true AUTOSAVING=false KEEPDIRTY=false
[2019.03.04-21.22.52:510][428]LogSavePackage: Moving '../../../../../../Users/alix/Documents/Unreal Projects/DMC/Saved/MainDFA8D89F40F0149C72109492ACCF7F0F.tmp' to '../../../../../../Users/alix/Documents/Unreal Projects/DMC/Content/Levels/Main.umap'
[2019.03.04-21.22.52:530][428]Cmd: OBJ SAVEPACKAGE PACKAGE="/Game/Levels/Main_BuiltData" FILE="../../../../../../Users/alix/Documents/Unreal Projects/DMC/Content/Levels/Main_BuiltData.uasset" SILENT=true
[2019.03.04-21.22.52:546][428]LogSavePackage: Moving '../../../../../../Users/alix/Documents/Unreal Projects/DMC/Saved/Main_BuiltData482850504582479E370FFEAB5B3BAF45.tmp' to '../../../../../../Users/alix/Documents/Unreal Projects/DMC/Content/Levels/Main_BuiltData.uasset'
[2019.03.04-21.22.55:793][805]LogAssetEditorManager: Opening Asset editor for Blueprint /Game/Blueprints/Actors/LightBeam_Emitter.LightBeam_Emitter
[2019.03.04-21.22.56:606][805]LogContentBrowser: Native class hierarchy updated for 'BlueprintGraph' in 0.0009 seconds. Added 117 classes and 0 folders.
[2019.03.04-21.22.57:630][805]LogAssetEditorManager: Opening Asset editor for Blueprint /Game/Blueprints/Actors/LightBeam.LightBeam
[2019.03.04-21.22.58:069][805]LogSlate: Took 0.000191 seconds to synchronously load lazily loaded font '../../../Engine/Content/Slate/Fonts/Roboto-BoldCondensed.ttf' (158K)
[2019.03.04-21.22.58:159][806]LogSlate: Took 0.000173 seconds to synchronously load lazily loaded font '../../../Engine/Content/Slate/Fonts/Roboto-Italic.ttf' (157K)
[2019.03.04-21.23.02:354][116]Cmd: OBJ SAVEPACKAGE PACKAGE="/Game/Blueprints/Actors/LightBeam" FILE="../../../../../../Users/alix/Documents/Unreal Projects/DMC/Content/Blueprints/Actors/LightBeam.uasset" SILENT=true
[2019.03.04-21.23.02:381][116]LogSavePackage: Moving '../../../../../../Users/alix/Documents/Unreal Projects/DMC/Saved/LightBeamB9F54A524883C5CADAFA438CC792FB96.tmp' to '../../../../../../Users/alix/Documents/Unreal Projects/DMC/Content/Blueprints/Actors/LightBeam.uasset'
[2019.03.04-21.23.02:940][161]BlueprintLog: New page: Compile LightBeam
[2019.03.04-21.23.09:710][638]BlueprintLog: New page: Compile LightBeam
[2019.03.04-21.23.10:349][655]Cmd: OBJ SAVEPACKAGE PACKAGE="/Game/Blueprints/Actors/LightBeam" FILE="../../../../../../Users/alix/Documents/Unreal Projects/DMC/Content/Blueprints/Actors/LightBeam.uasset" SILENT=true
[2019.03.04-21.23.10:374][655]LogSavePackage: Moving '../../../../../../Users/alix/Documents/Unreal Projects/DMC/Saved/LightBeam1BE4339F43F39EEBC4447AA8D038702A.tmp' to '../../../../../../Users/alix/Documents/Unreal Projects/DMC/Content/Blueprints/Actors/LightBeam.uasset'
[2019.03.04-21.23.10:514][664]Cmd: OBJ SAVEPACKAGE PACKAGE="/Game/Blueprints/Actors/LightBeam" FILE="../../../../../../Users/alix/Documents/Unreal Projects/DMC/Content/Blueprints/Actors/LightBeam.uasset" SILENT=true
[2019.03.04-21.23.10:533][664]LogSavePackage: Moving '../../../../../../Users/alix/Documents/Unreal Projects/DMC/Saved/LightBeam97AA06D2460A9AEB05FD039121FCB7D7.tmp' to '../../../../../../Users/alix/Documents/Unreal Projects/DMC/Content/Blueprints/Actors/LightBeam.uasset'
[2019.03.04-21.23.28:847][962]Cmd: OBJ SAVEPACKAGE PACKAGE="/Game/Blueprints/Actors/LightBeam_Emitter" FILE="../../../../../../Users/alix/Documents/Unreal Projects/DMC/Content/Blueprints/Actors/LightBeam_Emitter.uasset" SILENT=true
[2019.03.04-21.23.28:906][962]LogSavePackage: Moving '../../../../../../Users/alix/Documents/Unreal Projects/DMC/Saved/LightBeam_Emitter711BAF4B44F84D5147F733BC5B93BBA2.tmp' to '../../../../../../Users/alix/Documents/Unreal Projects/DMC/Content/Blueprints/Actors/LightBeam_Emitter.uasset'
[2019.03.04-21.23.30:554][ 94]LogSlate: Window 'LightBeam_Emitter' being destroyed
[2019.03.04-21.23.30:558][ 94]LogSlate: Window 'LightBeam_Emitter' being destroyed
[2019.03.04-21.23.30:558][ 94]LogActorComponent: UnregisterComponent: (/Engine/Transient.EditorFloorComp) Not registered. Aborting.
[2019.03.04-21.23.31:589][206]Cmd: OBJ SAVEPACKAGE PACKAGE="/Game/Levels/Main" FILE="../../../../../../Users/alix/Documents/Unreal Projects/DMC/Content/Levels/Main.umap" SILENT=true AUTOSAVING=false KEEPDIRTY=false
[2019.03.04-21.23.31:898][206]LogSavePackage: Moving '../../../../../../Users/alix/Documents/Unreal Projects/DMC/Saved/Main68C432FE4FBEE0715335FC9223906345.tmp' to '../../../../../../Users/alix/Documents/Unreal Projects/DMC/Content/Levels/Main.umap'
[2019.03.04-21.23.31:917][206]Cmd: OBJ SAVEPACKAGE PACKAGE="/Game/Levels/Main_BuiltData" FILE="../../../../../../Users/alix/Documents/Unreal Projects/DMC/Content/Levels/Main_BuiltData.uasset" SILENT=true
[2019.03.04-21.23.31:929][206]LogSavePackage: Moving '../../../../../../Users/alix/Documents/Unreal Projects/DMC/Saved/Main_BuiltData351495884613456CAC761B97EA343F87.tmp' to '../../../../../../Users/alix/Documents/Unreal Projects/DMC/Content/Levels/Main_BuiltData.uasset'
[2019.03.04-21.23.35:361][597]LogTemp: Repeating last play command: Selected Viewport
[2019.03.04-21.23.35:372][597]LogBlueprintUserMessages: Early PlayInEditor Detection: Level '/Game/Levels/Main.Main:PersistentLevel' has LevelScriptBlueprint '/Game/Levels/Main.Main:PersistentLevel.Main' with GeneratedClass '/Game/Levels/Main.Main_C' with ClassGeneratedBy '/Game/Levels/Main.Main:PersistentLevel.Main'
[2019.03.04-21.23.35:373][597]LogPlayLevel: PlayLevel: No blueprints needed recompiling
[2019.03.04-21.23.35:373][597]PIE: New page: PIE session: Main (4 Mar 2019 21:23:35)
[2019.03.04-21.23.35:385][597]LogPlayLevel: Creating play world package: /Game/Levels/UEDPIE_0_Main
[2019.03.04-21.23.35:389][597]LogPlayLevel: PIE: StaticDuplicateObject took: (0.003445s)
[2019.03.04-21.23.35:389][597]LogAIModule: Creating AISystem for world Main
[2019.03.04-21.23.35:389][597]LogPlayLevel: PIE: World Init took: (0.000613s)
[2019.03.04-21.23.35:389][597]LogPlayLevel: PIE: Created PIE world by copying editor world from /Game/Levels/Main.Main to /Game/Levels/UEDPIE_0_Main.Main (0.004296s)
[2019.03.04-21.23.35:514][597]LogInit: XAudio2 using 'Speakers (Realtek High Definition Audio)' : 2 channels at 48 kHz using 32 bits per sample (channel mask 0x3)
[2019.03.04-21.23.35:525][597]LogInit: FAudioDevice initialized.
[2019.03.04-21.23.35:566][597]LogLoad: Game class is 'Default_GameMode_C'
[2019.03.04-21.23.35:568][597]LogWorld: Bringing World /Game/Levels/UEDPIE_0_Main.Main up for play (max tick rate 0) at 2019.03.04-21.23.35
[2019.03.04-21.23.35:568][597]LogWorld: Bringing up level for play took: 0.000836
[2019.03.04-21.23.35:584][597]LogContentBrowser: Native class hierarchy updated for 'MovieSceneCapture' in 0.0004 seconds. Added 20 classes and 0 folders.
[2019.03.04-21.23.35:585][597]PIE: Play in editor start time for /Game/Levels/UEDPIE_0_Main -0.36
[2019.03.04-21.23.35:586][597]LogBlueprintUserMessages: Late PlayInEditor Detection: Level '/Game/Levels/Main.Main:PersistentLevel' has LevelScriptBlueprint '/Game/Levels/Main.Main:PersistentLevel.Main' with GeneratedClass '/Game/Levels/Main.Main_C' with ClassGeneratedBy '/Game/Levels/Main.Main:PersistentLevel.Main'
